android/app/build/intermediates/manifest_merge_blame_file/debug/processDebugMainManifest/manifest-merger-blame-debug-report.txt
1<?xml version="1.0" encoding="utf-8"?>
2<manifest xmlns:android="http://schemas.android.com/apk/res/android"
3    package="com.naresh_t.WealthPlus"
4    android:versionCode="1"
5    android:versionName="1.0.0" >
6
7    <uses-sdk
8        android:minSdkVersion="24"
9        android:targetSdkVersion="34" />
10
11    <uses-permission android:name="android.permission.SYSTEM_ALERT_WINDOW" />
11-->src\main\AndroidManifest.xml:4:3-75
11-->src\main\AndroidManifest.xml:4:20-73
12    <uses-permission android:name="android.permission.INTERNET" />
12-->src\main\AndroidManifest.xml:2:3-64
12-->src\main\AndroidManifest.xml:2:20-62
13    <uses-permission android:name="android.permission.READ_EXTERNAL_STORAGE" />
13-->src\main\AndroidManifest.xml:3:3-77
13-->src\main\AndroidManifest.xml:3:20-75
14    <uses-permission android:name="android.permission.VIBRATE" />
14-->src\main\AndroidManifest.xml:5:3-63
14-->src\main\AndroidManifest.xml:5:20-61
15    <uses-permission android:name="android.permission.WRITE_EXTERNAL_STORAGE" />
15-->src\main\AndroidManifest.xml:6:3-78
15-->src\main\AndroidManifest.xml:6:20-76
16
17    <queries>
17-->src\main\AndroidManifest.xml:7:3-13:13
18        <intent>
18-->src\main\AndroidManifest.xml:8:5-12:14
19            <action android:name="android.intent.action.VIEW" />
19-->src\main\AndroidManifest.xml:9:7-58
19-->src\main\AndroidManifest.xml:9:15-56
20
21            <category android:name="android.intent.category.BROWSABLE" />
21-->src\main\AndroidManifest.xml:10:7-67
21-->src\main\AndroidManifest.xml:10:17-65
22
23            <data android:scheme="https" />
23-->src\main\AndroidManifest.xml:11:7-37
23-->src\main\AndroidManifest.xml:11:13-35
24        </intent>
25        <!-- Query open documents -->
26        <intent>
26-->[:expo-file-system] AndroidManifest.xml:15:9-17:18
27            <action android:name="android.intent.action.OPEN_DOCUMENT_TREE" />
27-->[:expo-file-system] AndroidManifest.xml:16:13-79
27-->[:expo-file-system] AndroidManifest.xml:16:21-76
28        </intent>
29        <intent>
29-->[:expo-web-browser] AndroidManifest.xml:8:9-12:18
30
31            <!-- Required for opening tabs if targeting API 30 -->
32            <action android:name="android.support.customtabs.action.CustomTabsService" />
32-->[:expo-web-browser] AndroidManifest.xml:11:13-90
32-->[:expo-web-browser] AndroidManifest.xml:11:21-87
33        </intent>
34    </queries>
35
36    <permission
36-->[androidx.core:core:1.13.1] AndroidManifest.xml:22:5-24:47
37        android:name="com.naresh_t.WealthPlus.DYNAMIC_RECEIVER_NOT_EXPORTED_PERMISSION"
37-->[androidx.core:core:1.13.1] AndroidManifest.xml:23:9-81
38        android:protectionLevel="signature" />
38-->[androidx.core:core:1.13.1] AndroidManifest.xml:24:9-44
39
40    <uses-permission android:name="com.naresh_t.WealthPlus.DYNAMIC_RECEIVER_NOT_EXPORTED_PERMISSION" />
40-->[androidx.core:core:1.13.1] AndroidManifest.xml:26:5-97
40-->[androidx.core:core:1.13.1] AndroidManifest.xml:26:22-94
41    <uses-permission android:name="com.google.android.finsky.permission.BIND_GET_INSTALL_REFERRER_SERVICE" />
41-->[com.android.installreferrer:installreferrer:1.1.2] AndroidManifest.xml:9:5-110
41-->[com.android.installreferrer:installreferrer:1.1.2] AndroidManifest.xml:9:22-107
42
43    <application
43-->src\main\AndroidManifest.xml:14:3-31:17
44        android:name="com.naresh_t.WealthPlus.MainApplication"
44-->src\main\AndroidManifest.xml:14:16-47
45        android:allowBackup="true"
45-->src\main\AndroidManifest.xml:14:162-188
46        android:appComponentFactory="androidx.core.app.CoreComponentFactory"
46-->[androidx.core:core:1.13.1] AndroidManifest.xml:28:18-86
47        android:debuggable="true"
48        android:extractNativeLibs="false"
49        android:icon="@mipmap/ic_launcher"
49-->src\main\AndroidManifest.xml:14:81-115
50        android:label="@string/app_name"
50-->src\main\AndroidManifest.xml:14:48-80
51        android:roundIcon="@mipmap/ic_launcher_round"
51-->src\main\AndroidManifest.xml:14:116-161
52        android:supportsRtl="true"
52-->src\main\AndroidManifest.xml:14:221-247
53        android:theme="@style/AppTheme"
53-->src\main\AndroidManifest.xml:14:189-220
54        android:usesCleartextTraffic="true" >
54-->src\main\AndroidManifest.xml:14:248-283
55        <meta-data
55-->src\main\AndroidManifest.xml:15:5-83
56            android:name="expo.modules.updates.ENABLED"
56-->src\main\AndroidManifest.xml:15:16-59
57            android:value="false" />
57-->src\main\AndroidManifest.xml:15:60-81
58        <meta-data
58-->src\main\AndroidManifest.xml:16:5-105
59            android:name="expo.modules.updates.EXPO_UPDATES_CHECK_ON_LAUNCH"
59-->src\main\AndroidManifest.xml:16:16-80
60            android:value="ALWAYS" />
60-->src\main\AndroidManifest.xml:16:81-103
61        <meta-data
61-->src\main\AndroidManifest.xml:17:5-99
62            android:name="expo.modules.updates.EXPO_UPDATES_LAUNCH_WAIT_MS"
62-->src\main\AndroidManifest.xml:17:16-79
63            android:value="0" />
63-->src\main\AndroidManifest.xml:17:80-97
64
65        <activity
65-->src\main\AndroidManifest.xml:18:5-30:16
66            android:name="com.naresh_t.WealthPlus.MainActivity"
66-->src\main\AndroidManifest.xml:18:15-43
67            android:configChanges="keyboard|keyboardHidden|orientation|screenSize|screenLayout|uiMode"
67-->src\main\AndroidManifest.xml:18:44-134
68            android:exported="true"
68-->src\main\AndroidManifest.xml:18:256-279
69            android:launchMode="singleTask"
69-->src\main\AndroidManifest.xml:18:135-166
70            android:screenOrientation="portrait"
70-->src\main\AndroidManifest.xml:18:280-316
71            android:theme="@style/Theme.App.SplashScreen"
71-->src\main\AndroidManifest.xml:18:210-255
72            android:windowSoftInputMode="adjustResize" >
72-->src\main\AndroidManifest.xml:18:167-209
73            <intent-filter>
73-->src\main\AndroidManifest.xml:19:7-22:23
74                <action android:name="android.intent.action.MAIN" />
74-->src\main\AndroidManifest.xml:20:9-60
74-->src\main\AndroidManifest.xml:20:17-58
75
76                <category android:name="android.intent.category.LAUNCHER" />
76-->src\main\AndroidManifest.xml:21:9-68
76-->src\main\AndroidManifest.xml:21:19-66
77            </intent-filter>
78            <intent-filter>
78-->src\main\AndroidManifest.xml:23:7-29:23
79                <action android:name="android.intent.action.VIEW" />
79-->src\main\AndroidManifest.xml:9:7-58
79-->src\main\AndroidManifest.xml:9:15-56
80
81                <category android:name="android.intent.category.DEFAULT" />
81-->src\main\AndroidManifest.xml:25:9-67
81-->src\main\AndroidManifest.xml:25:19-65
82                <category android:name="android.intent.category.BROWSABLE" />
82-->src\main\AndroidManifest.xml:10:7-67
82-->src\main\AndroidManifest.xml:10:17-65
83
84                <data android:scheme="myapp" />
84-->src\main\AndroidManifest.xml:11:7-37
84-->src\main\AndroidManifest.xml:11:13-35
85                <data android:scheme="com.naresh_t.WealthPlus" />
85-->src\main\AndroidManifest.xml:11:7-37
85-->src\main\AndroidManifest.xml:11:13-35
86            </intent-filter>
87        </activity>
88
89        <provider
89-->[:expo-file-system] AndroidManifest.xml:21:9-30:20
90            android:name="expo.modules.filesystem.FileSystemFileProvider"
90-->[:expo-file-system] AndroidManifest.xml:22:13-74
91            android:authorities="com.naresh_t.WealthPlus.FileSystemFileProvider"
91-->[:expo-file-system] AndroidManifest.xml:23:13-74
92            android:exported="false"
92-->[:expo-file-system] AndroidManifest.xml:24:13-37
93            android:grantUriPermissions="true" >
93-->[:expo-file-system] AndroidManifest.xml:25:13-47
94            <meta-data
94-->[:expo-file-system] AndroidManifest.xml:27:13-29:70
95                android:name="android.support.FILE_PROVIDER_PATHS"
95-->[:expo-file-system] AndroidManifest.xml:28:17-67
96                android:resource="@xml/file_system_provider_paths" />
96-->[:expo-file-system] AndroidManifest.xml:29:17-67
97        </provider>
98
99        <meta-data
99-->[:expo-modules-core] AndroidManifest.xml:9:9-11:89
100            android:name="org.unimodules.core.AppLoader#react-native-headless"
100-->[:expo-modules-core] AndroidManifest.xml:10:13-79
101            android:value="expo.modules.adapters.react.apploader.RNHeadlessAppLoader" />
101-->[:expo-modules-core] AndroidManifest.xml:11:13-86
102        <meta-data
102-->[:expo-modules-core] AndroidManifest.xml:12:9-15:45
103            android:name="com.facebook.soloader.enabled"
103-->[:expo-modules-core] AndroidManifest.xml:13:13-57
104            android:value="true" />
104-->[:expo-modules-core] AndroidManifest.xml:14:13-33
105
106        <activity
106-->[com.facebook.react:react-android:0.76.7] AndroidManifest.xml:19:9-21:40
107            android:name="com.facebook.react.devsupport.DevSettingsActivity"
107-->[com.facebook.react:react-android:0.76.7] AndroidManifest.xml:20:13-77
108            android:exported="false" />
108-->[com.facebook.react:react-android:0.76.7] AndroidManifest.xml:21:13-37
109        <activity
109-->[com.google.android.gms:play-services-auth:17.0.0] AndroidManifest.xml:23:9-27:75
110            android:name="com.google.android.gms.auth.api.signin.internal.SignInHubActivity"
110-->[com.google.android.gms:play-services-auth:17.0.0] AndroidManifest.xml:24:13-93
111            android:excludeFromRecents="true"
111-->[com.google.android.gms:play-services-auth:17.0.0] AndroidManifest.xml:25:13-46
112            android:exported="false"
112-->[com.google.android.gms:play-services-auth:17.0.0] AndroidManifest.xml:26:13-37
113            android:theme="@android:style/Theme.Translucent.NoTitleBar" />
113-->[com.google.android.gms:play-services-auth:17.0.0] AndroidManifest.xml:27:13-72
114        <!--
115            Service handling Google Sign-In user revocation. For apps that do not integrate with
116            Google Sign-In, this service will never be started.
117        -->
118        <service
118-->[com.google.android.gms:play-services-auth:17.0.0] AndroidManifest.xml:33:9-36:110
119            android:name="com.google.android.gms.auth.api.signin.RevocationBoundService"
119-->[com.google.android.gms:play-services-auth:17.0.0] AndroidManifest.xml:34:13-89
120            android:exported="true"
120-->[com.google.android.gms:play-services-auth:17.0.0] AndroidManifest.xml:35:13-36
121            android:permission="com.google.android.gms.auth.api.signin.permission.REVOCATION_NOTIFICATION" />
121-->[com.google.android.gms:play-services-auth:17.0.0] AndroidManifest.xml:36:13-107
122
123        <activity
123-->[com.google.android.gms:play-services-base:17.0.0] AndroidManifest.xml:23:9-26:75
124            android:name="com.google.android.gms.common.api.GoogleApiActivity"
124-->[com.google.android.gms:play-services-base:17.0.0] AndroidManifest.xml:24:13-79
125            android:exported="false"
125-->[com.google.android.gms:play-services-base:17.0.0] AndroidManifest.xml:25:13-37
126            android:theme="@android:style/Theme.Translucent.NoTitleBar" />
126-->[com.google.android.gms:play-services-base:17.0.0] AndroidManifest.xml:26:13-72
127
128        <meta-data
128-->[com.google.android.gms:play-services-basement:17.0.0] AndroidManifest.xml:23:9-25:69
129            android:name="com.google.android.gms.version"
129-->[com.google.android.gms:play-services-basement:17.0.0] AndroidManifest.xml:24:13-58
130            android:value="@integer/google_play_services_version" />
130-->[com.google.android.gms:play-services-basement:17.0.0] AndroidManifest.xml:25:13-66
131
132        <provider
132-->[androidx.emoji2:emoji2:1.3.0] AndroidManifest.xml:24:9-32:20
133            android:name="androidx.startup.InitializationProvider"
133-->[androidx.emoji2:emoji2:1.3.0] AndroidManifest.xml:25:13-67
134            android:authorities="com.naresh_t.WealthPlus.androidx-startup"
134-->[androidx.emoji2:emoji2:1.3.0] AndroidManifest.xml:26:13-68
135            android:exported="false" >
135-->[androidx.emoji2:emoji2:1.3.0] AndroidManifest.xml:27:13-37
136            <meta-data
136-->[androidx.emoji2:emoji2:1.3.0] AndroidManifest.xml:29:13-31:52
137                android:name="androidx.emoji2.text.EmojiCompatInitializer"
137-->[androidx.emoji2:emoji2:1.3.0] AndroidManifest.xml:30:17-75
138                android:value="androidx.startup" />
138-->[androidx.emoji2:emoji2:1.3.0] AndroidManifest.xml:31:17-49
139            <meta-data
139-->[androidx.lifecycle:lifecycle-process:2.8.3] AndroidManifest.xml:29:13-31:52
140                android:name="androidx.lifecycle.ProcessLifecycleInitializer"
140-->[androidx.lifecycle:lifecycle-process:2.8.3] AndroidManifest.xml:30:17-78
141                android:value="androidx.startup" />
141-->[androidx.lifecycle:lifecycle-process:2.8.3] AndroidManifest.xml:31:17-49
142            <meta-data
142-->[androidx.profileinstaller:profileinstaller:1.3.1] AndroidManifest.xml:29:13-31:52
143                android:name="androidx.profileinstaller.ProfileInstallerInitializer"
143-->[androidx.profileinstaller:profileinstaller:1.3.1] AndroidManifest.xml:30:17-85
144                android:value="androidx.startup" />
144-->[androidx.profileinstaller:profileinstaller:1.3.1] AndroidManifest.xml:31:17-49
145        </provider>
146
147        <receiver
147-->[androidx.profileinstaller:profileinstaller:1.3.1] AndroidManifest.xml:34:9-52:20
148            android:name="androidx.profileinstaller.ProfileInstallReceiver"
148-->[androidx.profileinstaller:profileinstaller:1.3.1] AndroidManifest.xml:35:13-76
149            android:directBootAware="false"
149-->[androidx.profileinstaller:profileinstaller:1.3.1] AndroidManifest.xml:36:13-44
150            android:enabled="true"
150-->[androidx.profileinstaller:profileinstaller:1.3.1] AndroidManifest.xml:37:13-35
151            android:exported="true"
151-->[androidx.profileinstaller:profileinstaller:1.3.1] AndroidManifest.xml:38:13-36
152            android:permission="android.permission.DUMP" >
152-->[androidx.profileinstaller:profileinstaller:1.3.1] AndroidManifest.xml:39:13-57
153            <intent-filter>
153-->[androidx.profileinstaller:profileinstaller:1.3.1] AndroidManifest.xml:40:13-42:29
154                <action android:name="androidx.profileinstaller.action.INSTALL_PROFILE" />
154-->[androidx.profileinstaller:profileinstaller:1.3.1] AndroidManifest.xml:41:17-91
154-->[androidx.profileinstaller:profileinstaller:1.3.1] AndroidManifest.xml:41:25-88
155            </intent-filter>
156            <intent-filter>
156-->[androidx.profileinstaller:profileinstaller:1.3.1] AndroidManifest.xml:43:13-45:29
157                <action android:name="androidx.profileinstaller.action.SKIP_FILE" />
157-->[androidx.profileinstaller:profileinstaller:1.3.1] AndroidManifest.xml:44:17-85
157-->[androidx.profileinstaller:profileinstaller:1.3.1] AndroidManifest.xml:44:25-82
158            </intent-filter>
159            <intent-filter>
159-->[androidx.profileinstaller:profileinstaller:1.3.1] AndroidManifest.xml:46:13-48:29
160                <action android:name="androidx.profileinstaller.action.SAVE_PROFILE" />
160-->[androidx.profileinstaller:profileinstaller:1.3.1] AndroidManifest.xml:47:17-88
160-->[androidx.profileinstaller:profileinstaller:1.3.1] AndroidManifest.xml:47:25-85
161            </intent-filter>
162            <intent-filter>
162-->[androidx.profileinstaller:profileinstaller:1.3.1] AndroidManifest.xml:49:13-51:29
163                <action android:name="androidx.profileinstaller.action.BENCHMARK_OPERATION" />
163-->[androidx.profileinstaller:profileinstaller:1.3.1] AndroidManifest.xml:50:17-95
163-->[androidx.profileinstaller:profileinstaller:1.3.1] AndroidManifest.xml:50:25-92
164            </intent-filter>
165        </receiver>
166    </application>
167
168</manifest>